<?xml version="1.0" encoding="UTF-8"?>
<!-- Generated by org.testng.reporters.JUnitXMLReporter -->
<testsuite hostname="B2C-IT-LAP317" name="Default test" tests="10" failures="0" timestamp="27 Dec 2022 12:09:51 GMT" time="20.939" errors="0">
  <testcase name="testcase4" time="3.834" classname="org.testing.TestCases.TC4_PutRequest"/>
  <testcase name="testcase2" time="1.352" classname="org.testing.TestCases.TC2_GetAllRequest"/>
  <testcase name="testcase8" time="2.22" classname="org.testing.TestCases.TC8_GetParticularRecord"/>
  <testcase name="testcase5" time="1.834" classname="org.testing.TestCases.TC5_DeleteRequest"/>
  <testcase name="testcase10" time="1.334" classname="org.testing.TestCases.TC10_DeleteRequest"/>
  <testcase name="testcase7" time="1.404" classname="org.testing.TestCases.TC7_GetAllRequest"/>
  <testcase name="testcase9" time="1.344" classname="org.testing.TestCases.TC9_PutRequest2"/>
  <testcase name="testcase6" time="2.426" classname="org.testing.TestCases.TC6_PostRequest2"/>
  <testcase name="testcase1" time="4.481" classname="org.testing.TestCases.TC1_PostRequest"/>
  <testcase name="testcase3" time="0.68" classname="org.testing.TestCases.TC3GetParticularRecord"/>
</testsuite> <!-- Default test -->
