<?xml version="1.0" encoding="UTF-8"?>
<!-- Generated by org.testng.reporters.JUnitXMLReporter -->
<testsuite ignored="0" hostname="LAPTOP-UK0ERGBL" failures="0" tests="10" name="Test" time="13.439" errors="0" timestamp="2023-01-28T10:55:56 IST">
  <testcase classname="org.testing.TestCases.TC1_PostRequest" name="testcase1" time="4.599"/>
  <testcase classname="org.testing.TestCases.TC2_GetAllRequest" name="testcase2" time="1.81"/>
  <testcase classname="org.testing.TestCases.TC3GetParticularRecord" name="testcase3" time="1.855"/>
  <testcase classname="org.testing.TestCases.TC4_PutRequest" name="testcase4" time="1.115"/>
  <testcase classname="org.testing.TestCases.TC5_DeleteRequest" name="testcase5" time="1.22"/>
  <testcase classname="org.testing.TestCases.TC6_PostRequest2" name="testcase6" time="0.765"/>
  <testcase classname="org.testing.TestCases.TC7_GetAllRequest" name="testcase7" time="0.281"/>
  <testcase classname="org.testing.TestCases.TC8_GetParticularRecord" name="testcase8" time="0.352"/>
  <testcase classname="org.testing.TestCases.TC9_PutRequest2" name="testcase9" time="0.734"/>
  <testcase classname="org.testing.TestCases.TC10_DeleteRequest" name="testcase10" time="0.66"/>
</testsuite> <!-- Test -->
