<?xml version="1.0" encoding="UTF-8"?>
<!-- Generated by org.testng.reporters.JUnitXMLReporter -->
<testsuite hostname="B2C-IT-LAP317" name="Test" tests="10" failures="0" timestamp="28 Dec 2022 05:39:16 GMT" time="16.912" errors="0">
  <testcase name="testcase1" time="4.746" classname="org.testing.TestCases.TC1_PostRequest"/>
  <testcase name="testcase2" time="0.832" classname="org.testing.TestCases.TC2_GetAllRequest"/>
  <testcase name="testcase3" time="0.727" classname="org.testing.TestCases.TC3GetParticularRecord"/>
  <testcase name="testcase4" time="1.499" classname="org.testing.TestCases.TC4_PutRequest"/>
  <testcase name="testcase5" time="1.504" classname="org.testing.TestCases.TC5_DeleteRequest"/>
  <testcase name="testcase6" time="1.399" classname="org.testing.TestCases.TC6_PostRequest2"/>
  <testcase name="testcase7" time="1.128" classname="org.testing.TestCases.TC7_GetAllRequest"/>
  <testcase name="testcase8" time="2.259" classname="org.testing.TestCases.TC8_GetParticularRecord"/>
  <testcase name="testcase9" time="1.302" classname="org.testing.TestCases.TC9_PutRequest2"/>
  <testcase name="testcase10" time="1.479" classname="org.testing.TestCases.TC10_DeleteRequest"/>
</testsuite> <!-- Test -->
